2025-07-04 07:16:05.995: [INFO] VisibilityChanged: 0
2025-07-04 07:16:06.029: [INFO] RecordSyncInitDuration has_sync_been_enabled: 0 state: 0
2025-07-04 07:16:06.030: [INFO] RecordSyncInitDuration has_sync_been_enabled: 0 state: 0
2025-07-04 07:16:06.031: [INFO] RecordSyncInitDuration has_sync_been_enabled: 0 state: 0
2025-07-04 07:16:06.031: [INFO] RecordSyncInitDuration has_sync_been_enabled: 0 state: 0
2025-07-04 07:16:06.032: [INFO] RecordSyncInitDuration has_sync_been_enabled: 0 state: 0
2025-07-04 07:16:06.032: [INFO] RecordSyncInitDuration has_sync_been_enabled: 0 state: 0
2025-07-04 07:16:06.033: [INFO] RecordSyncInitDuration has_sync_been_enabled: 0 state: 0
2025-07-04 07:16:06.034: [INFO] RecordSyncInitDuration has_sync_been_enabled: 0 state: 0
2025-07-04 07:16:06.034: [INFO] RecordSyncInitDuration has_sync_been_enabled: 0 state: 0
2025-07-04 07:16:06.035: [INFO] RecordSyncInitDuration has_sync_been_enabled: 0 state: 0
2025-07-04 07:16:06.035: [INFO] RecordSyncInitDuration has_sync_been_enabled: 0 state: 0
2025-07-04 07:16:06.044: [INFO] BookmarkModelLoaded, ids_reassigned: 0
2025-07-04 07:16:06.044: [INFO] OnDoneLoading sync enabled: 0
2025-07-04 07:16:06.048: [INFO] RecordSyncInitDuration has_sync_been_enabled: 0 state: 0
2025-07-04 07:16:06.243: [INFO] RecordSyncInitDuration has_sync_been_enabled: 0 state: 3
2025-07-04 07:16:06.245: [INFO] Primary account changed.
2025-07-04 07:16:06.245: [INFO] OnPrimaryAccountChanged PrimaryAccountChangeEvent::Type::kSet
2025-07-04 07:16:06.248: [INFO] RecordSyncInitDuration has_sync_been_enabled: 0 state: 3
2025-07-04 07:16:06.564: [INFO] RecordSyncInitDuration has_sync_been_enabled: 0 state: 3
2025-07-04 07:16:10.789: [INFO] VisibilityChanged: 1
2025-07-04 07:16:11.093: [INFO] BookmarkNodeAdded, ABU: 0
2025-07-04 07:16:11.093: [INFO] BookmarkNodeAdded, ABU: 0
2025-07-04 07:16:11.094: [INFO] BookmarkNodeAdded, ABU: 0
2025-07-04 07:16:11.094: [INFO] BookmarkNodeAdded, ABU: 0
2025-07-04 07:16:11.094: [INFO] BookmarkNodeAdded, ABU: 0
2025-07-04 07:16:11.094: [INFO] BookmarkNodeAdded, ABU: 0
2025-07-04 07:16:11.094: [INFO] BookmarkNodeAdded, ABU: 0
2025-07-04 07:16:11.094: [INFO] BookmarkNodeAdded, ABU: 0
2025-07-04 07:16:11.094: [INFO] BookmarkNodeAdded, ABU: 0
2025-07-04 07:16:11.094: [INFO] BookmarkNodeAdded, ABU: 0
2025-07-04 07:16:11.094: [INFO] BookmarkNodeAdded, ABU: 0
2025-07-04 07:16:11.094: [INFO] BookmarkNodeAdded, ABU: 0
2025-07-04 07:16:11.095: [INFO] BookmarkNodeAdded, ABU: 0
2025-07-04 07:16:11.095: [INFO] BookmarkNodeAdded, ABU: 0
2025-07-04 07:16:11.095: [INFO] BookmarkNodeAdded, ABU: 0
2025-07-04 07:16:11.095: [INFO] BookmarkNodeAdded, ABU: 0
2025-07-04 07:16:11.095: [INFO] BookmarkNodeAdded, ABU: 0
2025-07-04 07:16:11.095: [INFO] BookmarkNodeAdded, ABU: 0
2025-07-04 07:16:11.095: [INFO] BookmarkNodeAdded, ABU: 0
2025-07-04 07:16:11.095: [INFO] BookmarkNodeAdded, ABU: 0
2025-07-04 07:16:11.095: [INFO] BookmarkNodeAdded, ABU: 0
2025-07-04 07:16:11.095: [INFO] BookmarkNodeAdded, ABU: 0
2025-07-04 07:16:11.095: [INFO] BookmarkNodeAdded, ABU: 0
2025-07-04 07:16:11.095: [INFO] BookmarkNodeAdded, ABU: 0
2025-07-04 07:16:11.096: [INFO] BookmarkNodeAdded, ABU: 0
2025-07-04 07:16:11.096: [INFO] BookmarkNodeAdded, ABU: 0
2025-07-04 07:16:11.096: [INFO] BookmarkNodeAdded, ABU: 0
2025-07-04 07:16:11.096: [INFO] BookmarkNodeAdded, ABU: 0
2025-07-04 07:16:11.096: [INFO] BookmarkNodeAdded, ABU: 0
2025-07-04 07:16:11.096: [INFO] BookmarkNodeAdded, ABU: 0
2025-07-04 07:16:11.096: [INFO] BookmarkNodeAdded, ABU: 0
2025-07-04 07:16:11.096: [INFO] BookmarkNodeAdded, ABU: 0
2025-07-04 07:16:11.096: [INFO] BookmarkNodeAdded, ABU: 0
2025-07-04 07:16:11.096: [INFO] BookmarkNodeAdded, ABU: 0
2025-07-04 07:16:13.735: [INFO] VisibilityChanged: 0
